[INFO] Scanning for projects...
[INFO]                                                                         
[INFO] ------------------------------------------------------------------------
[INFO] Building BIP :: Core :: Integration Tests 0.1.0-SNAPSHOT
[INFO] ------------------------------------------------------------------------
[WARNING] The POM for javabdd:javabdd:jar:1.0b2 is missing, no dependency information available
[INFO] 
[INFO] --- maven-clean-plugin:2.3:clean (default-clean) @ org.bip.itest ---
[INFO] Deleting file set: /home/mavridou/workspace/bip_new/bip/org.bip.core/org.bip.itest/target (included: [**], excluded: [])
[INFO] 
[INFO] --- maven-resources-plugin:2.3:resources (default-resources) @ org.bip.itest ---
[WARNING] Using platform encoding (UTF-8 actually) to copy filtered resources, i.e. build is platform dependent!
[INFO] skip non existing resourceDirectory /home/mavridou/workspace/bip_new/bip/org.bip.core/org.bip.itest/src/main/resources
[INFO] 
[INFO] --- maven-compiler-plugin:3.1:compile (default-compile) @ org.bip.itest ---
[INFO] Nothing to compile - all classes are up to date
[INFO] 
[INFO] --- maven-resources-plugin:2.3:testResources (default-testResources) @ org.bip.itest ---
[WARNING] Using platform encoding (UTF-8 actually) to copy filtered resources, i.e. build is platform dependent!
[INFO] Copying 15 resources
[INFO] 
[INFO] --- maven-compiler-plugin:3.1:testCompile (default-testCompile) @ org.bip.itest ---
[INFO] Changes detected - recompiling the module!
[WARNING] File encoding has not been set, using platform encoding UTF-8, i.e. build is platform dependent!
[INFO] Compiling 11 source files to /home/mavridou/workspace/bip_new/bip/org.bip.core/org.bip.itest/target/test-classes
[INFO] 
[INFO] --- maven-surefire-plugin:2.12.4:test (default-test) @ org.bip.itest ---
[INFO] Surefire report directory: /home/mavridou/workspace/bip_new/bip/org.bip.core/org.bip.itest/target/surefire-reports

-------------------------------------------------------
 T E S T S
-------------------------------------------------------
Running org.bip.executor.AkkaManyTrackersAndPeersTests
Tests run: 0, Failures: 0, Errors: 0, Skipped: 0, Time elapsed: 0.002 sec

Results :

Tests run: 0, Failures: 0, Errors: 0, Skipped: 0

[INFO] ------------------------------------------------------------------------
[INFO] BUILD FAILURE
[INFO] ------------------------------------------------------------------------
[INFO] Total time: 15.024s
[INFO] Finished at: Fri Aug 22 14:02:15 CEST 2014
[INFO] Final Memory: 26M/472M
[INFO] ------------------------------------------------------------------------
[ERROR] Failed to execute goal org.apache.maven.plugins:maven-surefire-plugin:2.12.4:test (default-test) on project org.bip.itest: No tests were executed!  (Set -DfailIfNoTests=false to ignore this error.) -> [Help 1]
[ERROR] 
[ERROR] To see the full stack trace of the errors, re-run Maven with the -e switch.
[ERROR] Re-run Maven using the -X switch to enable full debug logging.
[ERROR] 
[ERROR] For more information about the errors and possible solutions, please read the following articles:
[ERROR] [Help 1] http://cwiki.apache.org/confluence/display/MAVEN/MojoFailureException
